2025-06-03 09:54:22,375 - INFO - [OK] Loaded configuration from unified_lqg_config.json
2025-06-03 09:54:22,377 - INFO - ============================================================
2025-06-03 09:54:22,377 - INFO - [START] SIMPLIFIED LQG FRAMEWORK PIPELINE
2025-06-03 09:54:22,378 - INFO - ============================================================
2025-06-03 09:54:22,378 - INFO - [ANALYSIS] Running prescription comparison...
2025-06-03 09:54:24,352 - INFO -    [OK] thiemann: success
2025-06-03 09:54:25,587 - INFO -    [OK] aqel: success
2025-06-03 09:54:26,412 - INFO -    [OK] bojowald: success
2025-06-03 09:54:26,414 - INFO - [ANALYSIS] Running simple Kerr analysis...
2025-06-03 09:54:26,965 - INFO -    [OK] Extracted 3 coefficients
2025-06-03 09:54:26,966 - INFO - [TEST] Running basic validation...
2025-06-03 09:54:26,966 - INFO -    [OK] Validation status: pass
2025-06-03 09:54:26,968 - ERROR - [ERROR] Failed to save results: Object of type Mul is not JSON serializable
2025-06-03 09:54:26,968 - INFO - ============================================================
2025-06-03 09:54:26,969 - INFO - [OK] Pipeline completed successfully
2025-06-03 09:54:26,969 - INFO - [OK] Modules executed: 3
2025-06-03 09:54:26,969 - INFO - [OK] Modules failed: 0
2025-06-03 09:55:00,873 - INFO - [OK] Loaded configuration from unified_lqg_config.json
2025-06-03 09:55:00,874 - INFO - ============================================================
2025-06-03 09:55:00,874 - INFO - [START] SIMPLIFIED LQG FRAMEWORK PIPELINE
2025-06-03 09:55:00,874 - INFO - ============================================================
2025-06-03 09:55:00,874 - INFO - [ANALYSIS] Running prescription comparison...
2025-06-03 09:55:03,215 - INFO -    [OK] thiemann: success
2025-06-03 09:55:04,759 - INFO -    [OK] aqel: success
2025-06-03 09:55:05,699 - INFO -    [OK] bojowald: success
2025-06-03 09:55:05,699 - INFO - [ANALYSIS] Running simple Kerr analysis...
2025-06-03 09:55:06,429 - INFO -    [OK] Extracted 3 coefficients
2025-06-03 09:55:06,429 - INFO - [TEST] Running basic validation...
2025-06-03 09:55:06,429 - INFO -    [OK] Validation status: pass
2025-06-03 09:55:06,442 - INFO - [OK] Results saved to unified_results\simplified_results.json
2025-06-03 09:55:06,442 - INFO - ============================================================
2025-06-03 09:55:06,442 - INFO - [OK] Pipeline completed successfully
2025-06-03 09:55:06,443 - INFO - [OK] Modules executed: 3
2025-06-03 09:55:06,443 - INFO - [OK] Modules failed: 0
